Arguments: 
  /usr/local/bin/node /opt/yarn-v1.22.17/bin/yarn.js install

PATH: 
  /usr/local/sbin:/usr/local/bin:/usr/sbin:/usr/bin:/sbin:/bin

Yarn version: 
  1.22.17

Node version: 
  12.22.8

Platform: 
  linux x64

Trace: 
  SyntaxError: /app/package.json: Unexpected token / in JSON at position 200
      at JSON.parse (<anonymous>)
      at /opt/yarn-v1.22.17/lib/cli.js:1625:59
      at Generator.next (<anonymous>)
      at step (/opt/yarn-v1.22.17/lib/cli.js:310:30)
      at /opt/yarn-v1.22.17/lib/cli.js:321:13

npm manifest: 
  {
    "name": "filmes",
    "version": "0.0.1",
    "description": "M2 - Filmes",
    "main": "index.js",
    "scripts": {
  	"prestart": "npm install",
  	"start": "node index.js",
    "dev": "nodemon src/index.js" //adicionado
    },
    "keywords": [
      "swagger"
    ],
    "license": "Unlicense",
    "private": true,
    "dependencies": {
      "connect": "^3.2.0",
      "js-yaml": "^3.3.0",
      "mysql": "2.18.1",
      "oas3-tools": "^2.2.3"
    }
  }

yarn manifest: 
  No manifest

Lockfile: 
  No lockfile
